TN:
SF:/media/shailesh/Home/projects/atom/components/t-header/t-header.html
FN:296,(anonymous_1)
FN:303,(anonymous_2)
FN:307,(anonymous_3)
FN:320,(anonymous_4)
FN:325,(anonymous_5)
FN:329,(anonymous_6)
FN:333,(anonymous_7)
FN:335,(anonymous_8)
FN:347,(anonymous_9)
FN:351,(anonymous_10)
FN:355,(anonymous_11)
FN:359,(anonymous_12)
FN:364,(anonymous_13)
FN:368,(anonymous_14)
FN:372,(anonymous_15)
FN:379,(anonymous_16)
FN:383,(anonymous_17)
FN:389,(anonymous_18)
FN:393,(anonymous_19)
FN:402,(anonymous_20)
FN:406,(anonymous_21)
FN:410,(anonymous_22)
FN:420,(anonymous_23)
FN:427,(anonymous_24)
FNF:24
FNH:21
FNDA:1,(anonymous_1)
FNDA:320,(anonymous_2)
FNDA:1760,(anonymous_3)
FNDA:1,(anonymous_4)
FNDA:1,(anonymous_5)
FNDA:1,(anonymous_6)
FNDA:80,(anonymous_7)
FNDA:640,(anonymous_8)
FNDA:464,(anonymous_9)
FNDA:96,(anonymous_10)
FNDA:1,(anonymous_11)
FNDA:1,(anonymous_12)
FNDA:0,(anonymous_13)
FNDA:1920,(anonymous_14)
FNDA:0,(anonymous_15)
FNDA:768,(anonymous_16)
FNDA:240,(anonymous_17)
FNDA:160,(anonymous_18)
FNDA:80,(anonymous_19)
FNDA:384,(anonymous_20)
FNDA:800,(anonymous_21)
FNDA:576,(anonymous_22)
FNDA:192,(anonymous_23)
FNDA:0,(anonymous_24)
DA:234,1
DA:297,1
DA:304,320
DA:305,320
DA:306,320
DA:307,320
DA:308,1760
DA:309,240
DA:310,240
DA:313,320
DA:314,240
DA:315,160
DA:316,240
DA:321,1
DA:322,1
DA:326,1
DA:330,1
DA:334,80
DA:335,80
DA:336,640
DA:338,80
DA:339,80
DA:340,80
DA:341,0
DA:342,0
DA:348,464
DA:352,96
DA:356,1
DA:360,1
DA:361,1
DA:365,0
DA:369,1920
DA:373,0
DA:374,0
DA:375,0
DA:380,768
DA:384,240
DA:385,80
DA:386,160
DA:390,160
DA:394,80
DA:395,80
DA:396,80
DA:397,80
DA:399,0
DA:403,384
DA:407,800
DA:411,576
DA:412,240
DA:413,80
DA:415,160
DA:417,336
DA:421,192
DA:422,80
DA:424,112
DA:428,0
LF:56
LH:48
BRDA:308,1,0,240
BRDA:308,1,1,1520
BRDA:313,2,0,240
BRDA:313,2,1,80
BRDA:314,3,0,160
BRDA:314,3,1,80
BRDA:338,4,0,80
BRDA:338,4,1,0
BRDA:340,5,0,0
BRDA:340,5,1,80
BRDA:348,6,0,464
BRDA:348,6,1,208
BRDA:352,7,0,96
BRDA:352,7,1,96
BRDA:373,8,0,0
BRDA:373,8,1,0
BRDA:374,9,0,0
BRDA:374,9,1,0
BRDA:380,10,0,768
BRDA:380,10,1,384
BRDA:380,10,2,192
BRDA:380,10,3,192
BRDA:384,11,0,80
BRDA:384,11,1,160
BRDA:390,12,0,160
BRDA:390,12,1,160
BRDA:394,13,0,80
BRDA:394,13,1,0
BRDA:403,14,0,384
BRDA:403,14,1,160
BRDA:411,15,0,240
BRDA:411,15,1,336
BRDA:412,16,0,80
BRDA:412,16,1,160
BRDA:415,17,0,160
BRDA:415,17,1,160
BRDA:421,18,0,80
BRDA:421,18,1,112
BRF:38
BRH:31
end_of_record
