TN:
SF:/media/shailesh/Home/projects/atom/components/t-header/t-header.html
FN:291,(anonymous_1)
FN:298,(anonymous_2)
FN:302,(anonymous_3)
FN:315,(anonymous_4)
FN:317,(anonymous_5)
FN:329,(anonymous_6)
FN:333,(anonymous_7)
FN:337,(anonymous_8)
FN:341,(anonymous_9)
FN:346,(anonymous_10)
FN:350,(anonymous_11)
FN:354,(anonymous_12)
FN:361,(anonymous_13)
FN:365,(anonymous_14)
FN:371,(anonymous_15)
FN:375,(anonymous_16)
FN:384,(anonymous_17)
FN:388,(anonymous_18)
FN:392,(anonymous_19)
FN:402,(anonymous_20)
FN:409,(anonymous_21)
FNF:21
FNH:18
FNDA:1,(anonymous_1)
FNDA:260,(anonymous_2)
FNDA:1430,(anonymous_3)
FNDA:65,(anonymous_4)
FNDA:520,(anonymous_5)
FNDA:377,(anonymous_6)
FNDA:78,(anonymous_7)
FNDA:1,(anonymous_8)
FNDA:1,(anonymous_9)
FNDA:0,(anonymous_10)
FNDA:1560,(anonymous_11)
FNDA:0,(anonymous_12)
FNDA:624,(anonymous_13)
FNDA:195,(anonymous_14)
FNDA:130,(anonymous_15)
FNDA:65,(anonymous_16)
FNDA:312,(anonymous_17)
FNDA:650,(anonymous_18)
FNDA:468,(anonymous_19)
FNDA:156,(anonymous_20)
FNDA:0,(anonymous_21)
DA:235,1
DA:292,1
DA:299,260
DA:300,260
DA:301,260
DA:302,260
DA:303,1430
DA:304,195
DA:305,195
DA:308,260
DA:309,195
DA:310,130
DA:311,195
DA:316,65
DA:317,65
DA:318,520
DA:320,65
DA:321,65
DA:322,65
DA:323,0
DA:324,0
DA:330,377
DA:334,78
DA:338,1
DA:342,1
DA:343,1
DA:347,0
DA:351,1560
DA:355,0
DA:356,0
DA:357,0
DA:362,624
DA:366,195
DA:367,65
DA:368,130
DA:372,130
DA:376,65
DA:377,0
DA:378,0
DA:379,0
DA:381,65
DA:385,312
DA:389,650
DA:393,468
DA:394,195
DA:395,65
DA:397,130
DA:399,273
DA:403,156
DA:404,65
DA:406,91
DA:410,0
LF:52
LH:42
BRDA:303,1,0,195
BRDA:303,1,1,1235
BRDA:308,2,0,195
BRDA:308,2,1,65
BRDA:309,3,0,130
BRDA:309,3,1,65
BRDA:320,4,0,65
BRDA:320,4,1,0
BRDA:322,5,0,0
BRDA:322,5,1,65
BRDA:330,6,0,377
BRDA:330,6,1,169
BRDA:334,7,0,78
BRDA:334,7,1,78
BRDA:355,8,0,0
BRDA:355,8,1,0
BRDA:356,9,0,0
BRDA:356,9,1,0
BRDA:362,10,0,624
BRDA:362,10,1,312
BRDA:362,10,2,156
BRDA:362,10,3,156
BRDA:366,11,0,65
BRDA:366,11,1,130
BRDA:372,12,0,130
BRDA:372,12,1,0
BRDA:376,13,0,0
BRDA:376,13,1,65
BRDA:385,14,0,312
BRDA:385,14,1,130
BRDA:393,15,0,195
BRDA:393,15,1,273
BRDA:394,16,0,65
BRDA:394,16,1,130
BRDA:397,17,0,130
BRDA:397,17,1,130
BRDA:403,18,0,65
BRDA:403,18,1,91
BRF:38
BRH:30
end_of_record
